<?xml version="1.0" encoding="UTF-8"?>
<testng-results ignored="0" total="1" passed="1" failed="0" skipped="0">
  <reporter-output>
  </reporter-output>
  <suite started-at="2023-01-06T13:15:59 IST" name="Default suite" finished-at="2023-01-06T13:16:07 IST" duration-ms="8845">
    <groups>
    </groups>
    <test started-at="2023-01-06T13:15:59 IST" name="Default test" finished-at="2023-01-06T13:16:07 IST" duration-ms="8845">
      <class name="demo.git.Github">
        <test-method is-config="true" signature="one()[pri:0, instance:demo.git.Github@57a3af25]" started-at="2023-01-06T13:15:59 IST" name="one" finished-at="2023-01-06T13:16:03 IST" duration-ms="4669" status="PASS">
          <reporter-output>
          </reporter-output>
        </test-method> <!-- one -->
        <test-method signature="tast()[pri:0, instance:demo.git.Github@57a3af25]" started-at="2023-01-06T13:16:03 IST" name="tast" finished-at="2023-01-06T13:16:07 IST" duration-ms="4126" status="PASS">
          <reporter-output>
          </reporter-output>
        </test-method> <!-- tast -->
      </class> <!-- demo.git.Github -->
    </test> <!-- Default test -->
  </suite> <!-- Default suite -->
</testng-results>
